\BOOKMARK [0][-]{chapter.1}{\376\377\000I\000n\000t\000r\000o\000d\000u\000c\000t\000i\000o\000n\000\040\000a\000n\000d\000\040\000O\000v\000e\000r\000v\000i\000e\000w}{}% 1
\BOOKMARK [0][-]{chapter.2}{\376\377\000A\000c\000c\000e\000s\000s\000i\000n\000g\000\040\000a\000n\000d\000\040\000c\000o\000m\000p\000i\000l\000i\000n\000g\000\040\000t\000h\000e\000\040\000c\000o\000d\000e}{}% 2
\BOOKMARK [0][-]{chapter.3}{\376\377\000Q\000u\000i\000c\000k\000\040\000s\000t\000a\000r\000t\000\040\000g\000u\000i\000d\000e\000\040\000t\000o\000\040\000r\000u\000n\000n\000i\000n\000g\000\040\000a\000\040\000F\000L\000O\000S\000I\000C\000\040\000c\000a\000l\000c\000u\000l\000a\000t\000i\000o\000n}{}% 3
\BOOKMARK [0][-]{chapter.4}{\376\377\000E\000x\000c\000h\000a\000n\000g\000e\000\040\000c\000o\000r\000r\000e\000l\000a\000t\000i\000o\000n\000\040\000f\000u\000n\000c\000t\000i\000o\000n\000a\000l\000s}{}% 4
\BOOKMARK [0][-]{chapter.5}{\376\377\000C\000o\000n\000t\000r\000o\000l\000l\000i\000n\000g\000\040\000a\000\040\000c\000a\000l\000c\000u\000l\000a\000t\000i\000o\000n\000:\000\040\000t\000h\000e\000\040\000N\000R\000L\000M\000O\000L\000\137\000I\000N\000P\000U\000T\000.\000D\000A\000T\000\040\000f\000i\000l\000e}{}% 5
\BOOKMARK [0][-]{chapter.6}{\376\377\000F\000L\000O\000S\000I\000C\000\040\000M\000e\000s\000h}{}% 6
\BOOKMARK [0][-]{chapter.7}{\376\377\000I\000n\000p\000u\000t\000\040\000a\000n\000d\000\040\000O\000u\000t\000p\000u\000t\000\040\000F\000i\000l\000e\000s}{}% 7
\BOOKMARK [0][-]{chapter.8}{\376\377\000B\000a\000s\000i\000s\000\040\000s\000e\000t\000s\000:\000\040\000t\000h\000e\000\040\000I\000S\000Y\000M\000G\000E\000N\000\040\000f\000i\000l\000e}{}% 8
\BOOKMARK [0][-]{chapter.9}{\376\377\000T\000u\000t\000o\000r\000i\000a\000l\000\040\0001\000:\000\040\000M\000o\000l\000e\000c\000u\000l\000a\000r\000\040\000g\000e\000o\000m\000e\000t\000r\000y\000\040\000o\000p\000t\000i\000m\000i\000z\000a\000t\000i\000o\000n\000\040\000a\000t\000\040\000t\000h\000e\000\040\000D\000F\000T\000\040\000l\000e\000v\000e\000l}{}% 9
\BOOKMARK [0][-]{chapter.10}{\376\377\000T\000u\000t\000o\000r\000i\000a\000l\000\040\0002\000:\000\040\000a\000\040\000F\000L\000O\000S\000I\000C\000\040\000c\000a\000l\000c\000u\000l\000a\000t\000i\000o\000n\000\040\000f\000o\000r\000\040\000H\0002}{}% 10
\BOOKMARK [0][-]{chapter.11}{\376\377\000T\000u\000t\000o\000r\000i\000a\000l\000\040\0003\000:\000\040\000F\000O\000D\000\040\000o\000p\000t\000i\000m\000i\000z\000a\000t\000i\000o\000n\000\040\000o\000f\000\040\000a\000\040\000w\000a\000t\000e\000r\000\040\000m\000o\000l\000e\000c\000u\000l\000e}{}% 11
\BOOKMARK [0][-]{chapter.12}{\376\377\000P\000l\000o\000t\000t\000i\000n\000g\000\040\000d\000e\000n\000s\000i\000t\000y\000\040\000o\000f\000\040\000s\000t\000a\000t\000e\000s\000\040\000u\000s\000i\000n\000g\000\040\000N\000R\000L\000M\000O\000L}{}% 12
\BOOKMARK [1][-]{section.12.1}{\376\377\000I\000n\000t\000r\000o\000d\000u\000c\000t\000i\000o\000n}{chapter.12}% 13
\BOOKMARK [1][-]{section.12.2}{\376\377\000S\000e\000t\000u\000p}{chapter.12}% 14
\BOOKMARK [1][-]{section.12.3}{\376\377\000R\000e\000s\000u\000l\000t\000s}{chapter.12}% 15
\BOOKMARK [1][-]{section.12.4}{\376\377\000M\000e\000m\000b\000e\000r\000s\000h\000i\000p\000\040\000f\000i\000l\000e\000s}{chapter.12}% 16
\BOOKMARK [1][-]{section.12.5}{\376\377\000P\000l\000o\000t\000t\000i\000n\000g}{chapter.12}% 17
\BOOKMARK [1][-]{section.12.6}{\376\377\000G\000n\000u\000p\000l\000o\000t\000\040\000u\000s\000a\000g\000e}{chapter.12}% 18
\BOOKMARK [1][-]{section.12.7}{\376\377\000B\000i\000b\000l\000i\000o\000g\000r\000a\000p\000h\000y}{chapter.12}% 19
\BOOKMARK [0][-]{chapter.13}{\376\377\000G\000e\000t\000t\000i\000n\000g\000\040\000m\000o\000r\000e\000\040\000i\000n\000f\000o\000r\000m\000a\000t\000i\000o\000n\000\040\000a\000b\000o\000u\000t\000\040\000F\000L\000O\000S\000I\000C}{}% 20
