mktextfm ecrm1000
mktextfm phvr8t
mktextfm phvb8t
mktextfm nullfont
mktextfm ecrm1440
mktextfm phvr8t
mktextfm ecrm1000
mktextfm phvr8t
mktextfm phvb8t
mktextfm nullfont
mktextfm ecrm1440
mktextfm phvr8t
mktextfm phvb8t
mktextfm nullfont
mktextfm ecrm1200
mktextfm phvr8t
mktextfm phvb8t
mktextfm nullfont
mktextfm ecrm0900
mktextfm ptmr8t
mktextfm phvb8t
mktextfm nullfont
mktextfm phvbo8t
mktextfm nullfont
mktextfm nullfont
mktextfm phvbo8t
mktextfm nullfont
mktextfm nullfont
mktextfm phvb8t
mktextfm nullfont
mktextfm ptmr8t
mktextfm ptmb8t
mktextfm nullfont
mktextfm ptmb8t
mktextfm nullfont
mktextfm ptmr8t
mktextfm ptmb8t
mktextfm nullfont
mktextfm ptmr8c
mktextfm ptmri8t
mktextfm phvro8t
mktextfm nullfont
mktextfm ptmr8t
mktextfm ptmb8t
mktextfm nullfont
mktextfm pcrr8t
mktextfm ecrm1000
mktextfm ecrm1000
mktextfm ecrm1000
mktextfm ecrm1000
